<?xml version="1.0"?><coverage lines-covered="1254" lines-valid="1671" line-rate="0.7504488330341114" branches-covered="0" branches-valid="0" branch-rate="0" complexity="0" version="1.9" timestamp="1643548526"><sources><source>/home/orhun/gh/systeroid</source></sources><packages><package name="systeroid-core/src" line-rate="0.9154929577464789" branch-rate="0" complexity="0"><classes><class name="cache" filename="systeroid-core/src/cache.rs" line-rate="0.8285714285714286" branch-rate="0" complexity="0"><methods/><lines><line number="21" hits="1"/><line number="22" hits="1"/><line number="23" hits="0"/><line number="24" hits="2"/><line number="29" hits="2"/><line number="30" hits="8"/><line number="31" hits="0"/><line number="32" hits="0"/><line number="33" hits="0"/><line number="46" hits="2"/><line number="47" hits="2"/><line number="48" hits="2"/><line number="49" hits="0"/><line number="55" hits="2"/><line number="56" hits="4"/><line number="63" hits="2"/><line number="64" hits="2"/><line number="68" hits="2"/><line number="69" hits="2"/><line number="70" hits="6"/><line number="74" hits="1"/><line number="75" hits="1"/><line number="76" hits="3"/><line number="77" hits="0"/><line number="79" hits="2"/><line number="80" hits="4"/><line number="81" hits="1"/><line number="91" hits="3"/><line number="92" hits="1"/><line number="93" hits="1"/><line number="96" hits="3"/><line number="98" hits="1"/><line number="99" hits="2"/><line number="100" hits="3"/><line number="101" hits="1"/></lines></class><class name="config" filename="systeroid-core/src/config.rs" line-rate="1" branch-rate="0" complexity="0"><methods/><lines><line number="35" hits="3"/><line number="41" hits="27"/><line number="52" hits="3"/></lines></class><class name="parsers" filename="systeroid-core/src/parsers.rs" line-rate="1" branch-rate="0" complexity="0"><methods/><lines><line number="10" hits="4"/><line number="11" hits="2"/><line number="12" hits="2"/><line number="13" hits="2"/><line number="17" hits="2"/><line number="18" hits="1"/><line number="21" hits="3"/><line number="26" hits="1"/><line number="29" hits="3"/><line number="38" hits="1"/><line number="39" hits="2"/><line number="41" hits="2"/><line number="42" hits="2"/><line number="43" hits="1"/><line number="45" hits="1"/><line number="46" hits="1"/><line number="47" hits="1"/></lines></class><class name="tree" filename="systeroid-core/src/tree.rs" line-rate="0.9824561403508771" branch-rate="0" complexity="0"><methods/><lines><line number="23" hits="2"/><line number="27" hits="2"/><line number="28" hits="2"/><line number="29" hits="8"/><line number="30" hits="4"/><line number="31" hits="4"/><line number="32" hits="4"/><line number="33" hits="0"/><line number="36" hits="4"/><line number="38" hits="4"/><line number="39" hits="4"/><line number="41" hits="4"/><line number="42" hits="4"/><line number="43" hits="4"/><line number="50" hits="2"/><line number="56" hits="2"/><line number="57" hits="2"/><line number="58" hits="6"/><line number="59" hits="2"/><line number="60" hits="4"/><line number="61" hits="2"/><line number="64" hits="4"/><line number="66" hits="2"/><line number="67" hits="2"/><line number="71" hits="2"/><line number="77" hits="2"/><line number="78" hits="6"/><line number="79" hits="4"/><line number="80" hits="0"/><line number="82" hits="2"/><line number="85" hits="2"/><line number="86" hits="2"/><line number="88" hits="4"/><line number="91" hits="4"/><line number="92" hits="2"/><line number="105" hits="4"/><line number="110" hits="1"/><line number="115" hits="1"/><line number="116" hits="5"/><line number="117" hits="1"/><line number="118" hits="1"/><line number="120" hits="3"/><line number="124" hits="2"/><line number="125" hits="4"/><line number="126" hits="2"/><line number="128" hits="2"/><line number="136" hits="1"/><line number="137" hits="2"/><line number="138" hits="2"/><line number="139" hits="4"/><line number="143" hits="3"/><line number="144" hits="1"/><line number="146" hits="1"/><line number="147" hits="1"/><line number="150" hits="1"/><line number="151" hits="1"/><line number="154" hits="1"/><line number="155" hits="2"/><line number="158" hits="1"/><line number="159" hits="2"/><line number="162" hits="1"/><line number="163" hits="2"/><line number="166" hits="1"/><line number="170" hits="3"/><line number="171" hits="1"/><line number="173" hits="1"/><line number="174" hits="1"/><line number="177" hits="1"/><line number="178" hits="1"/><line number="181" hits="1"/><line number="182" hits="2"/><line number="185" hits="1"/><line number="186" hits="2"/><line number="189" hits="1"/><line number="190" hits="2"/><line number="193" hits="1"/><line number="197" hits="3"/><line number="198" hits="1"/><line number="200" hits="1"/><line number="201" hits="1"/><line number="204" hits="1"/><line number="205" hits="2"/><line number="208" hits="1"/><line number="209" hits="1"/><line number="212" hits="1"/><line number="213" hits="2"/><line number="216" hits="1"/><line number="217" hits="1"/><line number="218" hits="2"/><line number="219" hits="2"/><line number="223" hits="3"/><line number="224" hits="1"/><line number="226" hits="1"/><line number="227" hits="1"/><line number="228" hits="2"/><line number="230" hits="1"/><line number="237" hits="1"/><line number="241" hits="3"/><line number="242" hits="1"/><line number="244" hits="1"/><line number="246" hits="1"/><line number="247" hits="1"/><line number="249" hits="1"/><line number="251" hits="1"/><line number="253" hits="1"/><line number="255" hits="1"/><line number="256" hits="1"/><line number="258" hits="1"/><line number="260" hits="1"/><line number="262" hits="1"/><line number="264" hits="1"/><line number="265" hits="1"/><line number="267" hits="1"/><line number="269" hits="1"/></lines></class></classes></package><package name="systeroid-core/src/sysctl" line-rate="0.8910505836575876" branch-rate="0" complexity="0"><classes><class name="controller" filename="systeroid-core/src/sysctl/controller.rs" line-rate="0.8723404255319149" branch-rate="0" complexity="0"><methods/><lines><line number="25" hits="3"/><line number="26" hits="3"/><line number="27" hits="15"/><line number="28" hits="3"/><line number="29" hits="6"/><line number="32" hits="3"/><line number="33" hits="3"/><line number="34" hits="6"/><line number="36" hits="0"/><line number="37" hits="0"/><line number="38" hits="0"/><line number="43" hits="3"/><line number="47" hits="1"/><line number="48" hits="2"/><line number="51" hits="3"/><line number="52" hits="1"/><line number="53" hits="0"/><line number="55" hits="1"/><line number="57" hits="1"/><line number="64" hits="2"/><line number="65" hits="4"/><line number="68" hits="4"/><line number="69" hits="8"/><line number="70" hits="4"/><line number="71" hits="4"/><line number="74" hits="2"/><line number="75" hits="0"/><line number="77" hits="1"/><line number="79" hits="1"/><line number="86" hits="1"/><line number="91" hits="1"/><line number="92" hits="1"/><line number="93" hits="0"/><line number="95" hits="4"/><line number="96" hits="2"/><line number="97" hits="1"/><line number="98" hits="3"/><line number="99" hits="1"/><line number="100" hits="1"/><line number="103" hits="0"/><line number="104" hits="0"/><line number="105" hits="0"/><line number="109" hits="0"/><line number="111" hits="0"/><line number="117" hits="2"/><line number="118" hits="4"/><line number="119" hits="6"/><line number="122" hits="6"/><line number="124" hits="4"/><line number="127" hits="2"/><line number="131" hits="1"/><line number="132" hits="1"/><line number="133" hits="3"/><line number="135" hits="2"/><line number="136" hits="2"/><line number="137" hits="3"/><line number="139" hits="3"/><line number="141" hits="3"/><line number="144" hits="3"/><line number="145" hits="2"/><line number="146" hits="2"/><line number="147" hits="1"/><line number="148" hits="1"/><line number="149" hits="3"/><line number="150" hits="1"/><line number="152" hits="0"/><line number="157" hits="1"/><line number="158" hits="2"/><line number="159" hits="2"/><line number="164" hits="1"/><line number="174" hits="3"/><line number="175" hits="1"/><line number="176" hits="1"/><line number="177" hits="3"/><line number="178" hits="2"/><line number="179" hits="1"/><line number="181" hits="3"/><line number="183" hits="1"/><line number="185" hits="3"/><line number="186" hits="2"/><line number="187" hits="1"/><line number="191" hits="2"/><line number="192" hits="1"/><line number="193" hits="1"/><line number="194" hits="4"/><line number="197" hits="3"/><line number="199" hits="2"/><line number="200" hits="1"/><line number="201" hits="1"/><line number="203" hits="2"/><line number="206" hits="3"/><line number="211" hits="2"/><line number="219" hits="2"/><line number="227" hits="1"/></lines></class><class name="display" filename="systeroid-core/src/sysctl/display.rs" line-rate="1" branch-rate="0" complexity="0"><methods/><lines><line number="15" hits="3"/><line number="16" hits="4"/></lines></class><class name="parameter" filename="systeroid-core/src/sysctl/parameter.rs" line-rate="0.875" branch-rate="0" complexity="0"><methods/><lines><line number="34" hits="3"/><line number="35" hits="3"/><line number="36" hits="3"/><line number="37" hits="9"/><line number="38" hits="9"/><line number="39" hits="0"/><line number="40" hits="0"/><line number="41" hits="12"/><line number="42" hits="6"/><line number="43" hits="3"/><line number="44" hits="3"/><line number="51" hits="2"/><line number="52" hits="4"/><line number="56" hits="2"/><line number="57" hits="4"/><line number="59" hits="2"/><line number="60" hits="2"/><line number="61" hits="2"/><line number="62" hits="6"/><line number="65" hits="6"/><line number="66" hits="4"/><line number="67" hits="2"/><line number="69" hits="2"/><line number="70" hits="2"/><line number="73" hits="4"/><line number="75" hits="2"/><line number="82" hits="2"/><line number="83" hits="4"/><line number="85" hits="2"/><line number="86" hits="2"/><line number="87" hits="2"/><line number="92" hits="2"/><line number="93" hits="6"/><line number="96" hits="6"/><line number="97" hits="4"/><line number="98" hits="2"/><line number="100" hits="0"/><line number="103" hits="2"/><line number="104" hits="4"/><line number="112" hits="2"/><line number="113" hits="2"/><line number="114" hits="0"/><line number="115" hits="2"/><line number="117" hits="0"/><line number="118" hits="2"/><line number="120" hits="0"/><line number="121" hits="1"/><line number="123" hits="0"/><line number="124" hits="4"/><line number="125" hits="6"/><line number="126" hits="0"/><line number="128" hits="2"/><line number="129" hits="2"/><line number="130" hits="2"/><line number="135" hits="2"/><line number="139" hits="1"/><line number="143" hits="2"/><line number="145" hits="1"/><line number="146" hits="2"/><line number="147" hits="0"/><line number="148" hits="0"/><line number="149" hits="1"/><line number="153" hits="3"/><line number="154" hits="1"/><line number="158" hits="3"/><line number="159" hits="6"/><line number="160" hits="9"/><line number="163" hits="3"/><line number="166" hits="3"/><line number="172" hits="2"/><line number="173" hits="3"/><line number="174" hits="6"/><line number="176" hits="2"/><line number="178" hits="2"/><line number="182" hits="2"/><line number="188" hits="4"/><line number="189" hits="0"/><line number="190" hits="0"/><line number="191" hits="0"/><line number="192" hits="0"/><line number="194" hits="0"/><line number="203" hits="3"/><line number="205" hits="1"/><line number="206" hits="1"/><line number="207" hits="2"/><line number="209" hits="1"/><line number="210" hits="1"/><line number="212" hits="3"/><line number="214" hits="1"/><line number="215" hits="1"/><line number="216" hits="2"/><line number="217" hits="1"/><line number="219" hits="1"/><line number="220" hits="1"/><line number="221" hits="1"/><line number="222" hits="1"/><line number="223" hits="1"/><line number="225" hits="1"/><line number="228" hits="1"/><line number="229" hits="2"/><line number="230" hits="1"/><line number="232" hits="2"/><line number="235" hits="1"/><line number="236" hits="1"/><line number="237" hits="1"/><line number="238" hits="1"/><line number="240" hits="2"/><line number="243" hits="1"/><line number="244" hits="1"/><line number="245" hits="1"/><line number="246" hits="2"/><line number="248" hits="1"/><line number="249" hits="1"/><line number="250" hits="1"/><line number="251" hits="2"/><line number="253" hits="1"/><line number="254" hits="2"/><line number="255" hits="0"/><line number="263" hits="2"/><line number="266" hits="1"/><line number="269" hits="1"/><line number="270" hits="1"/><line number="271" hits="2"/><line number="272" hits="1"/><line number="274" hits="2"/><line number="277" hits="1"/><line number="278" hits="1"/><line number="281" hits="1"/></lines></class><class name="section" filename="systeroid-core/src/sysctl/section.rs" line-rate="1" branch-rate="0" complexity="0"><methods/><lines><line number="28" hits="3"/><line number="29" hits="9"/><line number="30" hits="3"/><line number="31" hits="3"/><line number="34" hits="3"/><line number="39" hits="2"/><line number="40" hits="6"/><line number="41" hits="2"/><line number="42" hits="2"/><line number="45" hits="1"/><line number="50" hits="1"/><line number="51" hits="3"/><line number="52" hits="1"/><line number="54" hits="3"/><line number="55" hits="3"/><line number="56" hits="2"/><line number="57" hits="1"/><line number="61" hits="1"/><line number="66" hits="4"/><line number="67" hits="12"/><line number="73" hits="4"/><line number="91" hits="3"/><line number="92" hits="1"/><line number="93" hits="1"/><line number="95" hits="2"/><line number="97" hits="2"/><line number="98" hits="2"/><line number="99" hits="2"/><line number="100" hits="2"/><line number="101" hits="1"/><line number="103" hits="2"/><line number="105" hits="2"/><line number="106" hits="2"/></lines></class></classes></package><package name="etc/tuirealm" line-rate="0" branch-rate="0" complexity="0"><classes><class name="label" filename="etc/tuirealm/label.rs" line-rate="0" branch-rate="0" complexity="0"><methods/><lines><line number="33" hits="0"/><line number="34" hits="0"/></lines></class></classes></package><package name="etc" line-rate="0" branch-rate="0" complexity="0"><classes></classes></package><package name="systeroid-parser/tests" line-rate="1" branch-rate="0" complexity="0"><classes><class name="integration_test" filename="systeroid-parser/tests/integration_test.rs" line-rate="1" branch-rate="0" complexity="0"><methods/><lines><line number="6" hits="3"/><line number="7" hits="1"/><line number="8" hits="2"/><line number="9" hits="3"/><line number="11" hits="4"/><line number="13" hits="3"/><line number="18" hits="3"/><line number="20" hits="3"/><line number="26" hits="3"/><line number="27" hits="2"/><line number="28" hits="1"/><line number="29" hits="2"/><line number="30" hits="2"/><line number="34" hits="1"/></lines></class></classes></package><package name="systeroid-parser/src" line-rate="0.8220338983050848" branch-rate="0" complexity="0"><classes><class name="document" filename="systeroid-parser/src/document.rs" line-rate="1" branch-rate="0" complexity="0"><methods/><lines><line number="16" hits="3"/><line number="21" hits="3"/><line number="25" hits="3"/><line number="26" hits="12"/><line number="27" hits="3"/><line number="28" hits="6"/><line number="29" hits="6"/><line number="30" hits="6"/><line number="31" hits="27"/><line number="32" hits="6"/><line number="36" hits="2"/><line number="37" hits="4"/><line number="39" hits="3"/><line number="42" hits="6"/><line number="49" hits="3"/><line number="64" hits="3"/><line number="76" hits="3"/><line number="77" hits="1"/><line number="79" hits="5"/><line number="82" hits="1"/><line number="84" hits="1"/><line number="85" hits="2"/><line number="87" hits="2"/><line number="88" hits="3"/><line number="90" hits="1"/><line number="92" hits="2"/><line number="93" hits="2"/><line number="94" hits="1"/></lines></class><class name="parser" filename="systeroid-parser/src/parser.rs" line-rate="0.8163265306122449" branch-rate="0" complexity="0"><methods/><lines><line number="25" hits="2"/><line number="30" hits="2"/><line number="31" hits="0"/><line number="32" hits="0"/><line number="33" hits="4"/><line number="38" hits="3"/><line number="39" hits="3"/><line number="40" hits="3"/><line number="41" hits="15"/><line number="42" hits="3"/><line number="43" hits="12"/><line number="44" hits="0"/><line number="45" hits="0"/><line number="48" hits="6"/><line number="49" hits="0"/><line number="51" hits="9"/><line number="53" hits="4"/><line number="54" hits="5"/><line number="55" hits="6"/><line number="56" hits="0"/><line number="57" hits="6"/><line number="58" hits="0"/><line number="59" hits="2"/><line number="61" hits="9"/><line number="62" hits="15"/><line number="63" hits="0"/><line number="65" hits="6"/><line number="67" hits="9"/><line number="68" hits="0"/><line number="69" hits="3"/><line number="71" hits="6"/><line number="72" hits="3"/><line number="73" hits="6"/><line number="76" hits="3"/><line number="86" hits="3"/><line number="87" hits="1"/><line number="88" hits="2"/><line number="89" hits="3"/><line number="91" hits="4"/><line number="93" hits="1"/><line number="95" hits="2"/><line number="96" hits="1"/><line number="97" hits="1"/><line number="98" hits="1"/><line number="99" hits="1"/><line number="100" hits="1"/><line number="102" hits="1"/><line number="104" hits="1"/><line number="106" hits="1"/></lines></class><class name="reader" filename="systeroid-parser/src/reader.rs" line-rate="0.7073170731707317" branch-rate="0" complexity="0"><methods/><lines><line number="24" hits="7"/><line number="25" hits="7"/><line number="26" hits="7"/><line number="27" hits="14"/><line number="28" hits="7"/><line number="32" hits="5"/><line number="33" hits="5"/><line number="34" hits="5"/><line number="41" hits="5"/><line number="42" hits="5"/><line number="43" hits="5"/><line number="44" hits="5"/><line number="45" hits="5"/><line number="48" hits="0"/><line number="49" hits="0"/><line number="52" hits="10"/><line number="53" hits="5"/><line number="54" hits="10"/><line number="55" hits="10"/><line number="56" hits="5"/><line number="58" hits="5"/><line number="68" hits="6"/><line number="69" hits="6"/><line number="70" hits="34"/><line number="71" hits="7"/><line number="72" hits="21"/><line number="73" hits="0"/><line number="74" hits="0"/><line number="77" hits="7"/><line number="83" hits="0"/><line number="84" hits="0"/><line number="85" hits="0"/><line number="86" hits="0"/><line number="88" hits="0"/><line number="89" hits="0"/><line number="90" hits="0"/><line number="91" hits="0"/><line number="101" hits="3"/><line number="102" hits="1"/><line number="103" hits="3"/><line number="104" hits="1"/></lines></class></classes></package><package name="systeroid-tui/tests" line-rate="1" branch-rate="0" complexity="0"><classes><class name="integration_test" filename="systeroid-tui/tests/integration_test.rs" line-rate="1" branch-rate="0" complexity="0"><methods/><lines><line number="17" hits="1"/><line number="18" hits="3"/><line number="19" hits="3"/><line number="20" hits="1"/><line number="21" hits="2"/><line number="23" hits="1"/><line number="26" hits="1"/><line number="27" hits="1"/><line number="31" hits="3"/><line number="33" hits="2"/><line number="61" hits="1"/><line number="63" hits="1"/><line number="64" hits="1"/><line number="66" hits="1"/><line number="67" hits="1"/><line number="68" hits="5"/><line number="70" hits="2"/><line number="82" hits="1"/><line number="85" hits="2"/><line number="86" hits="4"/><line number="88" hits="2"/><line number="100" hits="1"/><line number="103" hits="2"/><line number="104" hits="2"/><line number="105" hits="2"/><line number="106" hits="2"/><line number="107" hits="3"/><line number="109" hits="3"/><line number="111" hits="4"/><line number="113" hits="2"/><line number="125" hits="1"/><line number="128" hits="2"/><line number="129" hits="4"/><line number="131" hits="2"/><line number="143" hits="1"/><line number="146" hits="2"/><line number="147" hits="1"/><line number="148" hits="3"/><line number="150" hits="2"/><line number="162" hits="1"/><line number="165" hits="2"/><line number="166" hits="2"/><line number="167" hits="2"/><line number="168" hits="4"/><line number="170" hits="2"/><line number="182" hits="1"/><line number="185" hits="2"/><line number="186" hits="2"/><line number="187" hits="4"/><line number="189" hits="2"/><line number="201" hits="1"/><line number="204" hits="2"/><line number="205" hits="2"/><line number="206" hits="2"/><line number="207" hits="4"/><line number="209" hits="2"/><line number="221" hits="1"/><line number="224" hits="2"/><line number="225" hits="2"/><line number="226" hits="2"/><line number="231" hits="4"/><line number="233" hits="2"/><line number="245" hits="1"/><line number="248" hits="2"/><line number="249" hits="2"/><line number="250" hits="2"/><line number="251" hits="2"/><line number="252" hits="4"/><line number="254" hits="2"/><line number="266" hits="1"/><line number="269" hits="1"/></lines></class></classes></package><package name="systeroid/tests" line-rate="0" branch-rate="0" complexity="0"><classes><class name="live_test" filename="systeroid/tests/live_test.rs" line-rate="0" branch-rate="0" complexity="0"><methods/><lines><line number="8" hits="0"/><line number="9" hits="0"/><line number="10" hits="0"/><line number="11" hits="0"/><line number="12" hits="0"/><line number="15" hits="0"/><line number="19" hits="0"/><line number="20" hits="0"/><line number="21" hits="0"/><line number="27" hits="0"/><line number="31" hits="0"/><line number="34" hits="0"/><line number="36" hits="0"/></lines></class></classes></package><package name="systeroid-tui/src" line-rate="0.6914600550964187" branch-rate="0" complexity="0"><classes><class name="app" filename="systeroid-tui/src/app.rs" line-rate="0.5127118644067796" branch-rate="0" complexity="0"><methods/><lines><line number="46" hits="1"/><line number="55" hits="1"/><line number="56" hits="1"/><line number="68" hits="3"/><line number="71" hits="0"/><line number="72" hits="0"/><line number="73" hits="0"/><line number="74" hits="0"/><line number="76" hits="0"/><line number="77" hits="0"/><line number="79" hits="0"/><line number="82" hits="0"/><line number="86" hits="0"/><line number="87" hits="0"/><line number="91" hits="1"/><line number="92" hits="2"/><line number="93" hits="0"/><line number="95" hits="0"/><line number="96" hits="1"/><line number="97" hits="2"/><line number="98" hits="3"/><line number="99" hits="0"/><line number="100" hits="0"/><line number="101" hits="0"/><line number="102" hits="0"/><line number="103" hits="2"/><line number="104" hits="1"/><line number="105" hits="1"/><line number="106" hits="0"/><line number="108" hits="0"/><line number="110" hits="0"/><line number="111" hits="2"/><line number="112" hits="0"/><line number="114" hits="1"/><line number="117" hits="1"/><line number="118" hits="2"/><line number="119" hits="0"/><line number="120" hits="0"/><line number="121" hits="0"/><line number="122" hits="3"/><line number="123" hits="0"/><line number="126" hits="1"/><line number="131" hits="0"/><line number="132" hits="0"/><line number="133" hits="0"/><line number="134" hits="0"/><line number="135" hits="0"/><line number="136" hits="0"/><line number="137" hits="0"/><line number="138" hits="0"/><line number="141" hits="0"/><line number="142" hits="0"/><line number="144" hits="0"/><line number="147" hits="0"/><line number="149" hits="0"/><line number="150" hits="0"/><line number="155" hits="1"/><line number="156" hits="1"/><line number="157" hits="2"/><line number="158" hits="1"/><line number="162" hits="1"/><line number="163" hits="1"/><line number="164" hits="3"/><line number="165" hits="0"/><line number="166" hits="3"/><line number="167" hits="0"/><line number="169" hits="2"/><line number="170" hits="2"/><line number="172" hits="2"/><line number="173" hits="2"/><line number="174" hits="2"/><line number="175" hits="1"/><line number="176" hits="1"/><line number="177" hits="1"/><line number="180" hits="1"/><line number="181" hits="5"/><line number="182" hits="0"/><line number="183" hits="0"/><line number="185" hits="3"/><line number="187" hits="2"/><line number="188" hits="0"/><line number="189" hits="0"/><line number="191" hits="1"/><line number="192" hits="2"/><line number="193" hits="2"/><line number="197" hits="0"/><line number="198" hits="0"/><line number="201" hits="0"/><line number="202" hits="0"/><line number="203" hits="0"/><line number="204" hits="0"/><line number="205" hits="0"/><line number="206" hits="0"/><line number="207" hits="0"/><line number="208" hits="0"/><line number="210" hits="0"/><line number="211" hits="0"/><line number="212" hits="0"/><line number="213" hits="0"/><line number="214" hits="0"/><line number="215" hits="0"/><line number="220" hits="1"/><line number="221" hits="3"/><line number="222" hits="1"/><line number="223" hits="1"/><line number="224" hits="1"/><line number="225" hits="1"/><line number="226" hits="1"/><line number="227" hits="1"/><line number="229" hits="0"/><line number="230" hits="0"/><line number="231" hits="0"/><line number="232" hits="0"/><line number="233" hits="0"/><line number="234" hits="0"/><line number="235" hits="0"/><line number="236" hits="0"/><line number="238" hits="0"/><line number="244" hits="0"/><line number="245" hits="2"/><line number="246" hits="1"/><line number="247" hits="1"/><line number="250" hits="0"/><line number="251" hits="1"/><line number="252" hits="1"/><line number="253" hits="1"/><line number="256" hits="1"/><line number="257" hits="2"/><line number="258" hits="0"/><line number="259" hits="1"/><line number="260" hits="0"/><line number="262" hits="1"/><line number="263" hits="2"/><line number="264" hits="0"/><line number="265" hits="1"/><line number="266" hits="0"/><line number="268" hits="0"/><line number="269" hits="0"/><line number="270" hits="0"/><line number="271" hits="0"/><line number="273" hits="0"/><line number="274" hits="0"/><line number="275" hits="0"/><line number="277" hits="0"/><line number="280" hits="0"/><line number="281" hits="1"/><line number="282" hits="3"/><line number="283" hits="1"/><line number="285" hits="1"/><line number="286" hits="1"/><line number="287" hits="1"/><line number="289" hits="0"/><line number="290" hits="2"/><line number="291" hits="0"/><line number="292" hits="2"/><line number="293" hits="1"/><line number="294" hits="1"/><line number="295" hits="3"/><line number="296" hits="1"/><line number="297" hits="2"/><line number="298" hits="2"/><line number="300" hits="0"/><line number="301" hits="0"/><line number="305" hits="1"/><line number="306" hits="2"/><line number="307" hits="1"/><line number="308" hits="1"/><line number="309" hits="0"/><line number="310" hits="0"/><line number="312" hits="2"/><line number="315" hits="0"/><line number="316" hits="0"/><line number="317" hits="0"/><line number="320" hits="1"/><line number="321" hits="1"/><line number="324" hits="1"/><line number="325" hits="2"/><line number="326" hits="0"/><line number="327" hits="2"/><line number="328" hits="2"/><line number="329" hits="1"/><line number="330" hits="0"/><line number="331" hits="0"/><line number="332" hits="0"/><line number="334" hits="1"/><line number="335" hits="0"/><line number="337" hits="1"/><line number="338" hits="0"/><line number="339" hits="0"/><line number="342" hits="1"/><line number="343" hits="0"/><line number="346" hits="1"/><line number="347" hits="2"/><line number="348" hits="1"/><line number="349" hits="0"/><line number="350" hits="0"/><line number="352" hits="2"/><line number="353" hits="1"/><line number="357" hits="0"/><line number="358" hits="2"/><line number="359" hits="1"/><line number="360" hits="3"/><line number="361" hits="0"/><line number="363" hits="2"/><line number="366" hits="3"/><line number="368" hits="1"/><line number="369" hits="4"/><line number="371" hits="1"/><line number="373" hits="0"/><line number="374" hits="0"/><line number="377" hits="0"/><line number="378" hits="2"/><line number="379" hits="3"/><line number="380" hits="1"/><line number="381" hits="2"/><line number="382" hits="3"/><line number="383" hits="0"/><line number="384" hits="0"/><line number="385" hits="0"/><line number="386" hits="3"/><line number="388" hits="2"/><line number="392" hits="0"/><line number="393" hits="3"/><line number="394" hits="1"/><line number="395" hits="1"/><line number="396" hits="0"/><line number="397" hits="0"/><line number="400" hits="0"/><line number="402" hits="2"/><line number="403" hits="1"/><line number="405" hits="1"/><line number="409" hits="1"/><line number="410" hits="1"/><line number="411" hits="3"/><line number="412" hits="1"/><line number="413" hits="1"/></lines></class><class name="args" filename="systeroid-tui/src/args.rs" line-rate="0.9607843137254902" branch-rate="0" complexity="0"><methods/><lines><line number="32" hits="1"/><line number="33" hits="1"/><line number="34" hits="1"/><line number="40" hits="1"/><line number="46" hits="1"/><line number="47" hits="1"/><line number="48" hits="1"/><line number="49" hits="1"/><line number="50" hits="1"/><line number="55" hits="1"/><line number="56" hits="1"/><line number="57" hits="2"/><line number="58" hits="1"/><line number="59" hits="0"/><line number="61" hits="2"/><line number="62" hits="2"/><line number="63" hits="2"/><line number="65" hits="3"/><line number="67" hits="2"/><line number="68" hits="1"/><line number="69" hits="5"/><line number="70" hits="1"/><line number="71" hits="1"/><line number="73" hits="1"/><line number="74" hits="2"/><line number="76" hits="0"/><line number="79" hits="1"/><line number="80" hits="1"/><line number="81" hits="1"/><line number="82" hits="1"/><line number="93" hits="3"/><line number="94" hits="2"/><line number="95" hits="1"/><line number="96" hits="2"/><line number="98" hits="2"/><line number="101" hits="1"/><line number="102" hits="1"/><line number="103" hits="1"/><line number="104" hits="1"/><line number="105" hits="1"/><line number="106" hits="1"/><line number="107" hits="1"/><line number="108" hits="1"/><line number="109" hits="1"/><line number="110" hits="1"/><line number="111" hits="1"/><line number="115" hits="1"/><line number="116" hits="2"/><line number="117" hits="1"/><line number="118" hits="2"/><line number="119" hits="1"/></lines></class><class name="command" filename="systeroid-tui/src/command.rs" line-rate="1" branch-rate="0" complexity="0"><methods/><lines><line number="36" hits="2"/><line number="38" hits="3"/><line number="39" hits="5"/><line number="40" hits="5"/><line number="41" hits="5"/><line number="42" hits="4"/><line number="44" hits="4"/><line number="45" hits="2"/><line number="46" hits="2"/><line number="47" hits="2"/><line number="48" hits="4"/><line number="50" hits="4"/><line number="51" hits="1"/><line number="52" hits="1"/><line number="53" hits="1"/><line number="54" hits="2"/><line number="55" hits="4"/><line number="58" hits="1"/><line number="67" hits="1"/><line number="68" hits="1"/><line number="69" hits="2"/><line number="70" hits="1"/><line number="71" hits="1"/><line number="72" hits="1"/><line number="73" hits="1"/><line number="74" hits="1"/><line number="75" hits="1"/><line number="76" hits="1"/><line number="77" hits="1"/><line number="80" hits="2"/><line number="81" hits="1"/><line number="82" hits="1"/><line number="83" hits="1"/><line number="84" hits="1"/><line number="85" hits="1"/><line number="86" hits="1"/><line number="87" hits="1"/><line number="88" hits="1"/><line number="89" hits="1"/><line number="90" hits="1"/><line number="91" hits="1"/><line number="92" hits="1"/><line number="93" hits="1"/><line number="94" hits="1"/><line number="95" hits="1"/><line number="96" hits="1"/><line number="97" hits="1"/><line number="116" hits="3"/><line number="117" hits="3"/><line number="118" hits="1"/><line number="119" hits="1"/><line number="120" hits="1"/><line number="121" hits="1"/><line number="122" hits="1"/><line number="124" hits="2"/><line number="128" hits="1"/><line number="132" hits="1"/><line number="136" hits="1"/><line number="140" hits="1"/><line number="144" hits="2"/><line number="146" hits="1"/><line number="147" hits="8"/><line number="149" hits="1"/><line number="150" hits="1"/><line number="151" hits="1"/><line number="152" hits="1"/><line number="153" hits="1"/><line number="154" hits="1"/><line number="155" hits="1"/><line number="157" hits="16"/><line number="159" hits="1"/><line number="160" hits="1"/><line number="161" hits="1"/><line number="162" hits="1"/><line number="163" hits="1"/><line number="164" hits="1"/><line number="165" hits="1"/><line number="166" hits="1"/><line number="167" hits="1"/><line number="168" hits="1"/><line number="169" hits="1"/><line number="170" hits="1"/><line number="171" hits="1"/><line number="172" hits="1"/><line number="173" hits="1"/><line number="174" hits="1"/><line number="176" hits="1"/><line number="177" hits="1"/></lines></class><class name="event" filename="systeroid-tui/src/event.rs" line-rate="1" branch-rate="0" complexity="0"><methods/><lines><line number="29" hits="1"/><line number="30" hits="1"/><line number="31" hits="1"/><line number="33" hits="1"/><line number="34" hits="2"/><line number="35" hits="3"/><line number="38" hits="1"/><line number="43" hits="1"/><line number="44" hits="2"/><line number="45" hits="1"/><line number="46" hits="1"/><line number="53" hits="1"/><line number="54" hits="1"/><line number="67" hits="3"/><line number="68" hits="1"/><line number="69" hits="1"/><line number="70" hits="1"/><line number="71" hits="3"/><line number="72" hits="1"/><line number="73" hits="2"/><line number="74" hits="2"/><line number="75" hits="1"/><line number="76" hits="1"/><line number="78" hits="1"/><line number="79" hits="1"/><line number="80" hits="2"/><line number="84" hits="1"/><line number="85" hits="1"/><line number="86" hits="1"/><line number="90" hits="2"/></lines></class><class name="lib" filename="systeroid-tui/src/lib.rs" line-rate="0" branch-rate="0" complexity="0"><methods/><lines><line number="38" hits="0"/><line number="39" hits="0"/><line number="40" hits="0"/><line number="41" hits="0"/><line number="42" hits="0"/><line number="43" hits="0"/><line number="44" hits="0"/><line number="45" hits="0"/><line number="46" hits="0"/><line number="47" hits="0"/><line number="48" hits="0"/><line number="49" hits="0"/><line number="51" hits="0"/><line number="52" hits="0"/><line number="53" hits="0"/><line number="54" hits="0"/><line number="55" hits="0"/><line number="56" hits="0"/><line number="57" hits="0"/><line number="58" hits="0"/><line number="60" hits="0"/><line number="62" hits="0"/><line number="63" hits="0"/><line number="64" hits="0"/><line number="65" hits="0"/><line number="67" hits="0"/><line number="68" hits="0"/><line number="69" hits="0"/><line number="70" hits="0"/><line number="71" hits="0"/><line number="72" hits="0"/><line number="74" hits="0"/><line number="75" hits="0"/><line number="79" hits="0"/></lines></class><class name="main" filename="systeroid-tui/src/main.rs" line-rate="0" branch-rate="0" complexity="0"><methods/><lines><line number="6" hits="0"/><line number="7" hits="0"/><line number="8" hits="0"/><line number="9" hits="0"/><line number="10" hits="0"/><line number="11" hits="0"/><line number="12" hits="0"/><line number="13" hits="0"/></lines></class><class name="options" filename="systeroid-tui/src/options.rs" line-rate="0.9411764705882353" branch-rate="0" complexity="0"><methods/><lines><line number="8" hits="6"/><line number="18" hits="3"/><line number="19" hits="6"/><line number="21" hits="9"/><line number="29" hits="3"/><line number="34" hits="3"/><line number="35" hits="3"/><line number="45" hits="1"/><line number="46" hits="1"/><line number="47" hits="0"/><line number="52" hits="1"/><line number="53" hits="1"/><line number="54" hits="1"/><line number="55" hits="1"/><line number="60" hits="1"/><line number="61" hits="1"/><line number="62" hits="1"/></lines></class><class name="ui" filename="systeroid-tui/src/ui.rs" line-rate="0.7232142857142857" branch-rate="0" complexity="0"><methods/><lines><line number="12" hits="1"/><line number="13" hits="1"/><line number="14" hits="0"/><line number="16" hits="2"/><line number="17" hits="1"/><line number="18" hits="4"/><line number="19" hits="2"/><line number="20" hits="2"/><line number="21" hits="1"/><line number="23" hits="1"/><line number="25" hits="2"/><line number="27" hits="4"/><line number="28" hits="2"/><line number="29" hits="3"/><line number="30" hits="1"/><line number="32" hits="1"/><line number="34" hits="2"/><line number="35" hits="2"/><line number="36" hits="1"/><line number="37" hits="1"/><line number="40" hits="2"/><line number="42" hits="0"/><line number="43" hits="2"/><line number="44" hits="1"/><line number="45" hits="1"/><line number="51" hits="1"/><line number="52" hits="1"/><line number="53" hits="0"/><line number="54" hits="0"/><line number="56" hits="2"/><line number="57" hits="2"/><line number="58" hits="2"/><line number="60" hits="1"/><line number="61" hits="3"/><line number="62" hits="3"/><line number="63" hits="1"/><line number="65" hits="1"/><line number="66" hits="1"/><line number="67" hits="1"/><line number="70" hits="0"/><line number="71" hits="0"/><line number="73" hits="1"/><line number="74" hits="4"/><line number="75" hits="0"/><line number="76" hits="7"/><line number="77" hits="2"/><line number="78" hits="0"/><line number="79" hits="3"/><line number="81" hits="2"/><line number="82" hits="1"/><line number="83" hits="3"/><line number="84" hits="2"/><line number="85" hits="2"/><line number="87" hits="3"/><line number="88" hits="3"/><line number="89" hits="1"/><line number="91" hits="1"/><line number="93" hits="1"/><line number="94" hits="1"/><line number="97" hits="0"/><line number="98" hits="1"/><line number="99" hits="1"/><line number="100" hits="0"/><line number="101" hits="1"/><line number="102" hits="0"/><line number="103" hits="0"/><line number="104" hits="2"/><line number="105" hits="0"/><line number="106" hits="1"/><line number="109" hits="1"/><line number="110" hits="0"/><line number="112" hits="2"/><line number="113" hits="1"/><line number="118" hits="1"/><line number="119" hits="2"/><line number="120" hits="1"/><line number="121" hits="4"/><line number="122" hits="2"/><line number="125" hits="2"/><line number="126" hits="1"/><line number="127" hits="1"/><line number="129" hits="0"/><line number="131" hits="2"/><line number="132" hits="4"/><line number="133" hits="2"/><line number="136" hits="1"/><line number="137" hits="1"/><line number="138" hits="1"/><line number="139" hits="1"/><line number="141" hits="0"/><line number="143" hits="2"/><line number="144" hits="2"/><line number="145" hits="1"/><line number="146" hits="2"/><line number="147" hits="2"/><line number="148" hits="1"/><line number="149" hits="2"/><line number="151" hits="2"/><line number="153" hits="2"/><line number="154" hits="1"/><line number="155" hits="2"/><line number="156" hits="2"/><line number="157" hits="1"/><line number="158" hits="2"/><line number="160" hits="2"/><line number="166" hits="0"/><line number="167" hits="0"/><line number="168" hits="0"/><line number="169" hits="0"/><line number="170" hits="0"/><line number="173" hits="0"/><line number="174" hits="0"/><line number="176" hits="0"/><line number="178" hits="0"/><line number="179" hits="0"/><line number="180" hits="0"/><line number="183" hits="0"/><line number="184" hits="0"/><line number="185" hits="0"/><line number="186" hits="0"/><line number="188" hits="0"/><line number="189" hits="0"/><line number="191" hits="0"/><line number="193" hits="0"/><line number="194" hits="0"/><line number="195" hits="0"/><line number="196" hits="0"/><line number="197" hits="0"/><line number="198" hits="0"/><line number="199" hits="0"/><line number="201" hits="0"/><line number="206" hits="1"/><line number="211" hits="2"/><line number="212" hits="0"/><line number="213" hits="1"/><line number="215" hits="4"/><line number="216" hits="2"/><line number="219" hits="2"/><line number="220" hits="1"/><line number="221" hits="1"/><line number="223" hits="0"/><line number="225" hits="2"/><line number="226" hits="5"/><line number="227" hits="2"/><line number="228" hits="0"/><line number="230" hits="1"/><line number="231" hits="2"/><line number="233" hits="1"/><line number="234" hits="1"/><line number="235" hits="1"/><line number="238" hits="0"/><line number="240" hits="3"/><line number="241" hits="1"/><line number="242" hits="1"/><line number="243" hits="5"/><line number="244" hits="2"/><line number="245" hits="0"/><line number="246" hits="0"/><line number="248" hits="0"/><line number="249" hits="7"/><line number="250" hits="2"/><line number="251" hits="0"/><line number="252" hits="3"/><line number="254" hits="2"/><line number="255" hits="1"/><line number="256" hits="3"/><line number="257" hits="2"/><line number="258" hits="2"/><line number="260" hits="3"/><line number="261" hits="0"/><line number="262" hits="1"/><line number="263" hits="1"/><line number="268" hits="1"/><line number="274" hits="2"/><line number="275" hits="1"/><line number="276" hits="2"/><line number="277" hits="1"/><line number="280" hits="0"/><line number="281" hits="0"/><line number="284" hits="1"/><line number="285" hits="5"/><line number="286" hits="0"/><line number="287" hits="7"/><line number="288" hits="2"/><line number="289" hits="0"/><line number="290" hits="3"/><line number="292" hits="2"/><line number="293" hits="1"/><line number="294" hits="3"/><line number="295" hits="2"/><line number="296" hits="2"/><line number="298" hits="1"/><line number="299" hits="1"/><line number="300" hits="1"/><line number="305" hits="1"/><line number="306" hits="1"/><line number="307" hits="1"/><line number="308" hits="2"/><line number="309" hits="1"/><line number="311" hits="1"/><line number="312" hits="3"/><line number="313" hits="0"/><line number="314" hits="3"/><line number="316" hits="0"/><line number="317" hits="0"/><line number="318" hits="0"/><line number="319" hits="0"/><line number="322" hits="1"/><line number="323" hits="2"/><line number="324" hits="0"/><line number="326" hits="2"/><line number="327" hits="2"/><line number="329" hits="1"/><line number="331" hits="2"/><line number="332" hits="1"/><line number="336" hits="0"/><line number="338" hits="1"/><line number="339" hits="3"/><line number="340" hits="5"/><line number="341" hits="1"/><line number="342" hits="3"/><line number="343" hits="2"/><line number="344" hits="2"/><line number="346" hits="1"/></lines></class><class name="widgets" filename="systeroid-tui/src/widgets.rs" line-rate="0.9473684210526315" branch-rate="0" complexity="0"><methods/><lines><line number="13" hits="2"/><line number="14" hits="2"/><line number="20" hits="5"/><line number="21" hits="5"/><line number="26" hits="5"/><line number="27" hits="5"/><line number="31" hits="4"/><line number="32" hits="4"/><line number="36" hits="4"/><line number="37" hits="4"/><line number="38" hits="3"/><line number="39" hits="6"/><line number="40" hits="0"/><line number="42" hits="6"/><line number="45" hits="1"/><line number="47" hits="4"/><line number="51" hits="2"/><line number="52" hits="2"/><line number="53" hits="1"/><line number="54" hits="2"/><line number="55" hits="0"/><line number="57" hits="1"/><line number="60" hits="1"/><line number="62" hits="2"/><line number="71" hits="3"/><line number="72" hits="1"/><line number="73" hits="1"/><line number="74" hits="2"/><line number="75" hits="1"/><line number="76" hits="1"/><line number="77" hits="1"/><line number="78" hits="1"/><line number="80" hits="1"/><line number="81" hits="1"/><line number="82" hits="1"/><line number="83" hits="1"/><line number="84" hits="1"/><line number="85" hits="1"/></lines></class></classes></package><package name="etc/source" line-rate="0" branch-rate="0" complexity="0"><classes><class name="title" filename="etc/source/title.rs" line-rate="0" branch-rate="0" complexity="0"><methods/><lines><line number="30" hits="0"/><line number="31" hits="0"/><line number="34" hits="0"/><line number="35" hits="0"/><line number="36" hits="0"/><line number="41" hits="0"/><line number="42" hits="0"/><line number="43" hits="0"/><line number="44" hits="0"/><line number="46" hits="0"/><line number="47" hits="0"/><line number="48" hits="0"/><line number="51" hits="0"/><line number="53" hits="0"/><line number="57" hits="0"/><line number="58" hits="0"/><line number="59" hits="0"/><line number="60" hits="0"/><line number="63" hits="0"/><line number="64" hits="0"/><line number="65" hits="0"/><line number="70" hits="0"/></lines></class></classes></package><package name="systeroid/src" line-rate="0.6451612903225806" branch-rate="0" complexity="0"><classes><class name="app" filename="systeroid/src/app.rs" line-rate="0.5507246376811594" branch-rate="0" complexity="0"><methods/><lines><line number="31" hits="1"/><line number="36" hits="1"/><line number="37" hits="0"/><line number="38" hits="1"/><line number="39" hits="0"/><line number="40" hits="0"/><line number="45" hits="2"/><line number="49" hits="2"/><line number="50" hits="2"/><line number="51" hits="6"/><line number="52" hits="2"/><line number="55" hits="0"/><line number="56" hits="1"/><line number="57" hits="2"/><line number="58" hits="2"/><line number="59" hits="2"/><line number="60" hits="1"/><line number="61" hits="0"/><line number="62" hits="2"/><line number="65" hits="2"/><line number="67" hits="1"/><line number="68" hits="1"/><line number="71" hits="2"/><line number="75" hits="1"/><line number="80" hits="1"/><line number="81" hits="4"/><line number="82" hits="1"/><line number="83" hits="2"/><line number="85" hits="1"/><line number="86" hits="0"/><line number="87" hits="0"/><line number="90" hits="1"/><line number="92" hits="1"/><line number="96" hits="1"/><line number="101" hits="2"/><line number="102" hits="1"/><line number="103" hits="1"/><line number="104" hits="2"/><line number="105" hits="1"/><line number="106" hits="1"/><line number="107" hits="1"/><line number="108" hits="0"/><line number="110" hits="0"/><line number="111" hits="0"/><line number="112" hits="0"/><line number="113" hits="0"/><line number="114" hits="0"/><line number="115" hits="0"/><line number="117" hits="0"/><line number="120" hits="0"/><line number="121" hits="0"/><line number="122" hits="0"/><line number="124" hits="0"/><line number="127" hits="0"/><line number="128" hits="0"/><line number="131" hits="1"/><line number="135" hits="1"/><line number="141" hits="3"/><line number="142" hits="0"/><line number="144" hits="0"/><line number="146" hits="0"/><line number="147" hits="0"/><line number="149" hits="1"/><line number="151" hits="1"/><line number="152" hits="0"/><line number="153" hits="0"/><line number="154" hits="0"/><line number="155" hits="0"/><line number="157" hits="0"/><line number="158" hits="0"/><line number="161" hits="0"/><line number="164" hits="1"/><line number="165" hits="0"/><line number="167" hits="0"/><line number="168" hits="0"/><line number="170" hits="1"/><line number="171" hits="1"/><line number="172" hits="1"/><line number="173" hits="1"/><line number="175" hits="1"/><line number="179" hits="0"/><line number="180" hits="0"/><line number="181" hits="0"/><line number="182" hits="0"/><line number="184" hits="0"/><line number="185" hits="0"/><line number="187" hits="0"/><line number="189" hits="0"/><line number="190" hits="0"/><line number="191" hits="0"/><line number="192" hits="0"/><line number="194" hits="0"/><line number="196" hits="0"/><line number="200" hits="0"/><line number="201" hits="0"/><line number="202" hits="0"/><line number="203" hits="0"/><line number="205" hits="0"/><line number="206" hits="0"/><line number="207" hits="0"/><line number="208" hits="0"/><line number="209" hits="0"/><line number="210" hits="0"/><line number="211" hits="0"/><line number="213" hits="0"/><line number="215" hits="0"/><line number="221" hits="0"/><line number="231" hits="3"/><line number="232" hits="1"/><line number="233" hits="2"/><line number="235" hits="1"/><line number="237" hits="3"/><line number="239" hits="3"/><line number="240" hits="2"/><line number="241" hits="2"/><line number="242" hits="2"/><line number="243" hits="1"/><line number="245" hits="1"/><line number="246" hits="1"/><line number="247" hits="2"/><line number="248" hits="1"/><line number="250" hits="1"/><line number="251" hits="2"/><line number="252" hits="1"/><line number="254" hits="1"/><line number="255" hits="1"/><line number="256" hits="2"/><line number="257" hits="2"/><line number="258" hits="2"/><line number="259" hits="2"/><line number="260" hits="1"/><line number="262" hits="1"/><line number="263" hits="1"/><line number="264" hits="2"/><line number="265" hits="2"/><line number="266" hits="2"/><line number="267" hits="2"/><line number="269" hits="1"/></lines></class><class name="args" filename="systeroid/src/args.rs" line-rate="0.9454545454545454" branch-rate="0" complexity="0"><methods/><lines><line number="54" hits="1"/><line number="55" hits="1"/><line number="56" hits="1"/><line number="57" hits="1"/><line number="58" hits="1"/><line number="59" hits="1"/><line number="60" hits="1"/><line number="61" hits="1"/><line number="66" hits="1"/><line number="67" hits="1"/><line number="68" hits="1"/><line number="69" hits="1"/><line number="70" hits="1"/><line number="71" hits="1"/><line number="72" hits="1"/><line number="73" hits="1"/><line number="79" hits="1"/><line number="80" hits="1"/><line number="81" hits="1"/><line number="82" hits="1"/><line number="83" hits="1"/><line number="84" hits="1"/><line number="89" hits="1"/><line number="95" hits="1"/><line number="96" hits="1"/><line number="97" hits="1"/><line number="98" hits="1"/><line number="103" hits="1"/><line number="104" hits="1"/><line number="105" hits="3"/><line number="106" hits="1"/><line number="107" hits="2"/><line number="110" hits="4"/><line number="111" hits="3"/><line number="112" hits="7"/><line number="113" hits="1"/><line number="114" hits="1"/><line number="115" hits="1"/><line number="116" hits="1"/><line number="117" hits="1"/><line number="118" hits="10"/><line number="119" hits="1"/><line number="120" hits="1"/><line number="121" hits="1"/><line number="122" hits="1"/><line number="123" hits="1"/><line number="124" hits="1"/><line number="125" hits="1"/><line number="127" hits="2"/><line number="128" hits="2"/><line number="129" hits="2"/><line number="133" hits="3"/><line number="134" hits="1"/><line number="135" hits="2"/><line number="141" hits="2"/><line number="142" hits="1"/><line number="143" hits="4"/><line number="144" hits="1"/><line number="145" hits="1"/><line number="146" hits="2"/><line number="147" hits="0"/><line number="153" hits="0"/><line number="155" hits="2"/><line number="156" hits="0"/><line number="157" hits="2"/><line number="158" hits="0"/><line number="159" hits="4"/><line number="160" hits="1"/><line number="162" hits="1"/><line number="164" hits="2"/><line number="165" hits="1"/><line number="166" hits="3"/><line number="167" hits="0"/><line number="169" hits="1"/><line number="171" hits="3"/><line number="172" hits="1"/><line number="174" hits="1"/><line number="175" hits="1"/><line number="176" hits="1"/><line number="177" hits="1"/><line number="178" hits="1"/><line number="179" hits="1"/><line number="180" hits="1"/><line number="181" hits="1"/><line number="182" hits="1"/><line number="183" hits="1"/><line number="184" hits="1"/><line number="185" hits="1"/><line number="187" hits="0"/><line number="188" hits="1"/><line number="189" hits="1"/><line number="190" hits="1"/><line number="201" hits="3"/><line number="202" hits="2"/><line number="203" hits="1"/><line number="204" hits="2"/><line number="205" hits="2"/><line number="207" hits="2"/><line number="210" hits="1"/><line number="211" hits="1"/><line number="212" hits="1"/><line number="213" hits="1"/><line number="214" hits="1"/><line number="215" hits="1"/><line number="218" hits="1"/><line number="219" hits="1"/><line number="220" hits="2"/><line number="222" hits="2"/><line number="227" hits="1"/><line number="229" hits="2"/></lines></class><class name="lib" filename="systeroid/src/lib.rs" line-rate="0" branch-rate="0" complexity="0"><methods/><lines><line number="20" hits="0"/><line number="22" hits="0"/><line number="23" hits="0"/><line number="24" hits="0"/><line number="25" hits="0"/><line number="26" hits="0"/><line number="29" hits="0"/><line number="30" hits="0"/><line number="32" hits="0"/><line number="33" hits="0"/><line number="34" hits="0"/><line number="35" hits="0"/><line number="36" hits="0"/><line number="37" hits="0"/><line number="38" hits="0"/><line number="40" hits="0"/><line number="41" hits="0"/><line number="42" hits="0"/><line number="45" hits="0"/><line number="46" hits="0"/><line number="50" hits="0"/></lines></class><class name="main" filename="systeroid/src/main.rs" line-rate="0" branch-rate="0" complexity="0"><methods/><lines><line number="6" hits="0"/><line number="7" hits="0"/><line number="8" hits="0"/><line number="9" hits="0"/><line number="10" hits="0"/><line number="11" hits="0"/><line number="12" hits="0"/><line number="13" hits="0"/></lines></class><class name="output" filename="systeroid/src/output.rs" line-rate="0" branch-rate="0" complexity="0"><methods/><lines><line number="15" hits="0"/><line number="16" hits="0"/></lines></class></classes></package></packages></coverage>